Warning: deepgram SDK not available or incompatible, websockets will fail.
{"timestamp": "2026-02-07T16:53:58.492378+00:00", "level": "INFO", "logger": "VoiceNote", "message": "Testing endpoints enabled (non-production environment)", "filename": "main.py", "funcName": "<module>", "lineno": 290, "pathname": "/mnt/muaaz/VoiceNoteAPI/app/main.py"}
{"timestamp": "2026-02-07T16:53:58.494066+00:00", "level": "INFO", "logger": "VoiceNote", "message": "Application starting up: Warming up AI models...", "filename": "main.py", "funcName": "lifespan", "lineno": 54, "pathname": "/mnt/muaaz/VoiceNoteAPI/app/main.py"}
{"timestamp": "2026-02-07T16:53:58.494367+00:00", "level": "INFO", "logger": "VoiceNote", "message": "Loading local embedding model: all-MiniLM-L6-v2", "filename": "ai_service.py", "funcName": "_get_local_embedding_model", "lineno": 74, "pathname": "/mnt/muaaz/VoiceNoteAPI/app/services/ai_service.py"}
{"timestamp": "2026-02-07T16:53:58.494849+00:00", "level": "ERROR", "logger": "VoiceNote", "message": "Failed to load local embedding model: No module named 'sentence_transformers'", "filename": "ai_service.py", "funcName": "_get_local_embedding_model", "lineno": 81, "pathname": "/mnt/muaaz/VoiceNoteAPI/app/services/ai_service.py"}
{"timestamp": "2026-02-07T16:53:58.494997+00:00", "level": "INFO", "logger": "VoiceNote", "message": "Model warmup complete.", "filename": "main.py", "funcName": "lifespan", "lineno": 60, "pathname": "/mnt/muaaz/VoiceNoteAPI/app/main.py"}
{"timestamp": "2026-02-07T16:53:59.714120+00:00", "level": "ERROR", "logger": "VoiceNote", "message": "Unhandled exception caught by global handler", "filename": "main.py", "funcName": "global_exception_handler", "lineno": 254, "pathname": "/mnt/muaaz/VoiceNoteAPI/app/main.py", "path": "/api/v1/users/sync", "method": "POST", "exception": "Traceback (most recent call last):\n  File \"/home/aoi/.local/lib/python3.13/site-packages/sqlalchemy/engine/base.py\", line 143, in __init__\n    self._dbapi_connection = engine.raw_connection()\n                             ~~~~~~~~~~~~~~~~~~~~~^^\n  File \"/home/aoi/.local/lib/python3.13/site-packages/sqlalchemy/engine/base.py\", line 3295, in raw_connection\n    return self.pool.connect()\n           ~~~~~~~~~~~~~~~~~^^\n  File \"/home/aoi/.local/lib/python3.13/site-packages/sqlalchemy/pool/base.py\", line 447, in connect\n    return _ConnectionFairy._checkout(self)\n           ~~~~~~~~~~~~~~~~~~~~~~~~~~^^^^^^\n  File \"/home/aoi/.local/lib/python3.13/site-packages/sqlalchemy/pool/base.py\", line 1264, in _checkout\n    fairy = _ConnectionRecord.checkout(pool)\n  File \"/home/aoi/.local/lib/python3.13/site-packages/sqlalchemy/pool/base.py\", line 711, in checkout\n    rec = pool._do_get()\n  File \"/home/aoi/.local/lib/python3.13/site-packages/sqlalchemy/pool/impl.py\", line 177, in _do_get\n    with util.safe_reraise():\n         ~~~~~~~~~~~~~~~~~^^\n  File \"/home/aoi/.local/lib/python3.13/site-packages/sqlalchemy/util/langhelpers.py\", line 224, in __exit__\n    raise exc_value.with_traceback(exc_tb)\n  File \"/home/aoi/.local/lib/python3.13/site-packages/sqlalchemy/pool/impl.py\", line 175, in _do_get\n    return self._create_connection()\n           ~~~~~~~~~~~~~~~~~~~~~~~^^\n  File \"/home/aoi/.local/lib/python3.13/site-packages/sqlalchemy/pool/base.py\", line 388, in _create_connection\n    return _ConnectionRecord(self)\n  File \"/home/aoi/.local/lib/python3.13/site-packages/sqlalchemy/pool/base.py\", line 673, in __init__\n    self.__connect()\n    ~~~~~~~~~~~~~~^^\n  File \"/home/aoi/.local/lib/python3.13/site-packages/sqlalchemy/pool/base.py\", line 899, in __connect\n    with util.safe_reraise():\n         ~~~~~~~~~~~~~~~~~^^\n  File \"/home/aoi/.local/lib/python3.13/site-packages/sqlalchemy/util/langhelpers.py\", line 224, in __exit__\n    raise exc_value.with_traceback(exc_tb)\n  File \"/home/aoi/.local/lib/python3.13/site-packages/sqlalchemy/pool/base.py\", line 895, in __connect\n    self.dbapi_connection = connection = pool._invoke_creator(self)\n                                         ~~~~~~~~~~~~~~~~~~~~^^^^^^\n  File \"/home/aoi/.local/lib/python3.13/site-packages/sqlalchemy/engine/create.py\", line 646, in connect\n    return dialect.connect(*cargs, **cparams)\n           ~~~~~~~~~~~~~~~^^^^^^^^^^^^^^^^^^^\n  File \"/home/aoi/.local/lib/python3.13/site-packages/sqlalchemy/engine/default.py\", line 626, in connect\n    return self.loaded_dbapi.connect(*cargs, **cparams)  # type: ignore[no-any-return]  # NOQA: E501\n           ~~~~~~~~~~~~~~~~~~~~~~~~~^^^^^^^^^^^^^^^^^^^\n  File \"/home/aoi/miniconda3/lib/python3.13/site-packages/psycopg2/__init__.py\", line 122, in connect\n    conn = _connect(dsn, connection_factory=connection_factory, **kwasync)\npsycopg2.OperationalError: connection to server at \"localhost\" (::1), port 5432 failed: Connection refused\n\tIs the server running on that host and accepting TCP/IP connections?\nconnection to server at \"localhost\" (127.0.0.1), port 5432 failed: Connection refused\n\tIs the server running on that host and accepting TCP/IP connections?\n\n\nThe above exception was the direct cause of the following exception:\n\nTraceback (most recent call last):\n  File \"/home/aoi/.local/lib/python3.13/site-packages/starlette/middleware/errors.py\", line 164, in __call__\n    await self.app(scope, receive, _send)\n  File \"/mnt/muaaz/VoiceNoteAPI/app/main.py\", line 328, in __call__\n    await self.app(scope, receive_cached, send)\n  File \"/home/aoi/.local/lib/python3.13/site-packages/starlette/middleware/base.py\", line 182, in __call__\n    with recv_stream, send_stream, collapse_excgroups():\n                                   ~~~~~~~~~~~~~~~~~~^^\n  File \"/home/aoi/miniconda3/lib/python3.13/contextlib.py\", line 162, in __exit__\n    self.gen.throw(value)\n    ~~~~~~~~~~~~~~^^^^^^^\n  File \"/home/aoi/.local/lib/python3.13/site-packages/starlette/_utils.py\", line 83, in collapse_excgroups\n    raise exc\n  File \"/home/aoi/.local/lib/python3.13/site-packages/starlette/middleware/base.py\", line 184, in __call__\n    response = await self.dispatch_func(request, call_next)\n               ^^^^^^^^^^^^^^^^^^^^^^^^^^^^^^^^^^^^^^^^^^^^\n  File \"/mnt/muaaz/VoiceNoteAPI/app/api/middleware/usage.py\", line 132, in dispatch\n    response = await call_next(request)\n               ^^^^^^^^^^^^^^^^^^^^^^^^\n  File \"/home/aoi/.local/lib/python3.13/site-packages/starlette/middleware/base.py\", line 159, in call_next\n    raise app_exc\n  File \"/home/aoi/.local/lib/python3.13/site-packages/starlette/middleware/base.py\", line 144, in coro\n    await self.app(scope, receive_or_disconnect, send_no_error)\n  File \"/home/aoi/miniconda3/lib/python3.13/site-packages/prometheus_fastapi_instrumentator/middleware.py\", line 177, in __call__\n    raise exc\n  File \"/home/aoi/miniconda3/lib/python3.13/site-packages/prometheus_fastapi_instrumentator/middleware.py\", line 175, in __call__\n    await self.app(scope, receive, send_wrapper)\n  File \"/home/aoi/.local/lib/python3.13/site-packages/starlette/middleware/gzip.py\", line 29, in __call__\n    await responder(scope, receive, send)\n  File \"/home/aoi/.local/lib/python3.13/site-packages/starlette/middleware/gzip.py\", line 46, in __call__\n    await self.app(scope, receive, self.send_with_compression)\n  File \"/home/aoi/.local/lib/python3.13/site-packages/starlette/middleware/exceptions.py\", line 63, in __call__\n    await wrap_app_handling_exceptions(self.app, conn)(scope, receive, send)\n  File \"/home/aoi/.local/lib/python3.13/site-packages/starlette/_exception_handler.py\", line 53, in wrapped_app\n    raise exc\n  File \"/home/aoi/.local/lib/python3.13/site-packages/starlette/_exception_handler.py\", line 42, in wrapped_app\n    await app(scope, receive, sender)\n  File \"/home/aoi/.local/lib/python3.13/site-packages/starlette/routing.py\", line 716, in __call__\n    await self.middleware_stack(scope, receive, send)\n  File \"/home/aoi/.local/lib/python3.13/site-packages/starlette/routing.py\", line 736, in app\n    await route.handle(scope, receive, send)\n  File \"/home/aoi/.local/lib/python3.13/site-packages/starlette/routing.py\", line 290, in handle\n    await self.app(scope, receive, send)\n  File \"/home/aoi/.local/lib/python3.13/site-packages/starlette/routing.py\", line 78, in app\n    await wrap_app_handling_exceptions(app, request)(scope, receive, send)\n  File \"/home/aoi/.local/lib/python3.13/site-packages/starlette/_exception_handler.py\", line 53, in wrapped_app\n    raise exc\n  File \"/home/aoi/.local/lib/python3.13/site-packages/starlette/_exception_handler.py\", line 42, in wrapped_app\n    await app(scope, receive, sender)\n  File \"/home/aoi/.local/lib/python3.13/site-packages/starlette/routing.py\", line 75, in app\n    response = await f(request)\n               ^^^^^^^^^^^^^^^^\n  File \"/home/aoi/.local/lib/python3.13/site-packages/fastapi/routing.py\", line 302, in app\n    raw_response = await run_endpoint_function(\n                   ^^^^^^^^^^^^^^^^^^^^^^^^^^^^\n    ...<3 lines>...\n    )\n    ^\n  File \"/home/aoi/.local/lib/python3.13/site-packages/fastapi/routing.py\", line 215, in run_endpoint_function\n    return await run_in_threadpool(dependant.call, **values)\n           ^^^^^^^^^^^^^^^^^^^^^^^^^^^^^^^^^^^^^^^^^^^^^^^^^\n  File \"/home/aoi/.local/lib/python3.13/site-packages/starlette/concurrency.py\", line 38, in run_in_threadpool\n    return await anyio.to_thread.run_sync(func)\n           ^^^^^^^^^^^^^^^^^^^^^^^^^^^^^^^^^^^^\n  File \"/home/aoi/miniconda3/lib/python3.13/site-packages/anyio/to_thread.py\", line 63, in run_sync\n    return await get_async_backend().run_sync_in_worker_thread(\n           ^^^^^^^^^^^^^^^^^^^^^^^^^^^^^^^^^^^^^^^^^^^^^^^^^^^^\n        func, args, abandon_on_cancel=abandon_on_cancel, limiter=limiter\n        ^^^^^^^^^^^^^^^^^^^^^^^^^^^^^^^^^^^^^^^^^^^^^^^^^^^^^^^^^^^^^^^^\n    )\n    ^\n  File \"/home/aoi/miniconda3/lib/python3.13/site-packages/anyio/_backends/_asyncio.py\", line 2502, in run_sync_in_worker_thread\n    return await future\n           ^^^^^^^^^^^^\n  File \"/home/aoi/miniconda3/lib/python3.13/site-packages/anyio/_backends/_asyncio.py\", line 986, in run\n    result = context.run(func, *args)\n  File \"/home/aoi/.local/lib/python3.13/site-packages/slowapi/extension.py\", line 766, in sync_wrapper\n    response = func(*args, **kwargs)\n  File \"/mnt/muaaz/VoiceNoteAPI/app/api/users.py\", line 70, in sync_user\n    db_user = db.query(models.User).filter(models.User.email == validated_email).first()\n  File \"/home/aoi/.local/lib/python3.13/site-packages/sqlalchemy/orm/query.py\", line 2759, in first\n    return self.limit(1)._iter().first()  # type: ignore\n           ~~~~~~~~~~~~~~~~~~~^^\n  File \"/home/aoi/.local/lib/python3.13/site-packages/sqlalchemy/orm/query.py\", line 2857, in _iter\n    result: Union[ScalarResult[_T], Result[_T]] = self.session.execute(\n                                                  ~~~~~~~~~~~~~~~~~~~~^\n        statement,\n        ^^^^^^^^^^\n        params,\n        ^^^^^^^\n        execution_options={\"_sa_orm_load_options\": self.load_options},\n        ^^^^^^^^^^^^^^^^^^^^^^^^^^^^^^^^^^^^^^^^^^^^^^^^^^^^^^^^^^^^^^\n    )\n    ^\n  File \"/home/aoi/.local/lib/python3.13/site-packages/sqlalchemy/orm/session.py\", line 2365, in execute\n    return self._execute_internal(\n           ~~~~~~~~~~~~~~~~~~~~~~^\n        statement,\n        ^^^^^^^^^^\n    ...<4 lines>...\n        _add_event=_add_event,\n        ^^^^^^^^^^^^^^^^^^^^^^\n    )\n    ^\n  File \"/home/aoi/.local/lib/python3.13/site-packages/sqlalchemy/orm/session.py\", line 2241, in _execute_internal\n    conn = self._connection_for_bind(bind)\n  File \"/home/aoi/.local/lib/python3.13/site-packages/sqlalchemy/orm/session.py\", line 2110, in _connection_for_bind\n    return trans._connection_for_bind(engine, execution_options)\n           ~~~~~~~~~~~~~~~~~~~~~~~~~~^^^^^^^^^^^^^^^^^^^^^^^^^^^\n  File \"<string>\", line 2, in _connection_for_bind\n  File \"/home/aoi/.local/lib/python3.13/site-packages/sqlalchemy/orm/state_changes.py\", line 137, in _go\n    ret_value = fn(self, *arg, **kw)\n  File \"/home/aoi/.local/lib/python3.13/site-packages/sqlalchemy/orm/session.py\", line 1189, in _connection_for_bind\n    conn = bind.connect()\n  File \"/home/aoi/.local/lib/python3.13/site-packages/sqlalchemy/engine/base.py\", line 3271, in connect\n    return self._connection_cls(self)\n           ~~~~~~~~~~~~~~~~~~~~^^^^^^\n  File \"/home/aoi/.local/lib/python3.13/site-packages/sqlalchemy/engine/base.py\", line 145, in __init__\n    Connection._handle_dbapi_exception_noconnection(\n    ~~~~~~~~~~~~~~~~~~~~~~~~~~~~~~~~~~~~~~~~~~~~~~~^\n        err, dialect, engine\n        ^^^^^^^^^^^^^^^^^^^^\n    )\n    ^\n  File \"/home/aoi/.local/lib/python3.13/site-packages/sqlalchemy/engine/base.py\", line 2434, in _handle_dbapi_exception_noconnection\n    raise sqlalchemy_exception.with_traceback(exc_info[2]) from e\n  File \"/home/aoi/.local/lib/python3.13/site-packages/sqlalchemy/engine/base.py\", line 143, in __init__\n    self._dbapi_connection = engine.raw_connection()\n                             ~~~~~~~~~~~~~~~~~~~~~^^\n  File \"/home/aoi/.local/lib/python3.13/site-packages/sqlalchemy/engine/base.py\", line 3295, in raw_connection\n    return self.pool.connect()\n           ~~~~~~~~~~~~~~~~~^^\n  File \"/home/aoi/.local/lib/python3.13/site-packages/sqlalchemy/pool/base.py\", line 447, in connect\n    return _ConnectionFairy._checkout(self)\n           ~~~~~~~~~~~~~~~~~~~~~~~~~~^^^^^^\n  File \"/home/aoi/.local/lib/python3.13/site-packages/sqlalchemy/pool/base.py\", line 1264, in _checkout\n    fairy = _ConnectionRecord.checkout(pool)\n  File \"/home/aoi/.local/lib/python3.13/site-packages/sqlalchemy/pool/base.py\", line 711, in checkout\n    rec = pool._do_get()\n  File \"/home/aoi/.local/lib/python3.13/site-packages/sqlalchemy/pool/impl.py\", line 177, in _do_get\n    with util.safe_reraise():\n         ~~~~~~~~~~~~~~~~~^^\n  File \"/home/aoi/.local/lib/python3.13/site-packages/sqlalchemy/util/langhelpers.py\", line 224, in __exit__\n    raise exc_value.with_traceback(exc_tb)\n  File \"/home/aoi/.local/lib/python3.13/site-packages/sqlalchemy/pool/impl.py\", line 175, in _do_get\n    return self._create_connection()\n           ~~~~~~~~~~~~~~~~~~~~~~~^^\n  File \"/home/aoi/.local/lib/python3.13/site-packages/sqlalchemy/pool/base.py\", line 388, in _create_connection\n    return _ConnectionRecord(self)\n  File \"/home/aoi/.local/lib/python3.13/site-packages/sqlalchemy/pool/base.py\", line 673, in __init__\n    self.__connect()\n    ~~~~~~~~~~~~~~^^\n  File \"/home/aoi/.local/lib/python3.13/site-packages/sqlalchemy/pool/base.py\", line 899, in __connect\n    with util.safe_reraise():\n         ~~~~~~~~~~~~~~~~~^^\n  File \"/home/aoi/.local/lib/python3.13/site-packages/sqlalchemy/util/langhelpers.py\", line 224, in __exit__\n    raise exc_value.with_traceback(exc_tb)\n  File \"/home/aoi/.local/lib/python3.13/site-packages/sqlalchemy/pool/base.py\", line 895, in __connect\n    self.dbapi_connection = connection = pool._invoke_creator(self)\n                                         ~~~~~~~~~~~~~~~~~~~~^^^^^^\n  File \"/home/aoi/.local/lib/python3.13/site-packages/sqlalchemy/engine/create.py\", line 646, in connect\n    return dialect.connect(*cargs, **cparams)\n           ~~~~~~~~~~~~~~~^^^^^^^^^^^^^^^^^^^\n  File \"/home/aoi/.local/lib/python3.13/site-packages/sqlalchemy/engine/default.py\", line 626, in connect\n    return self.loaded_dbapi.connect(*cargs, **cparams)  # type: ignore[no-any-return]  # NOQA: E501\n           ~~~~~~~~~~~~~~~~~~~~~~~~~^^^^^^^^^^^^^^^^^^^\n  File \"/home/aoi/miniconda3/lib/python3.13/site-packages/psycopg2/__init__.py\", line 122, in connect\n    conn = _connect(dsn, connection_factory=connection_factory, **kwasync)\nsqlalchemy.exc.OperationalError: (psycopg2.OperationalError) connection to server at \"localhost\" (::1), port 5432 failed: Connection refused\n\tIs the server running on that host and accepting TCP/IP connections?\nconnection to server at \"localhost\" (127.0.0.1), port 5432 failed: Connection refused\n\tIs the server running on that host and accepting TCP/IP connections?\n\n(Background on this error at: https://sqlalche.me/e/20/e3q8)"}
ERROR:    Exception in ASGI application
Traceback (most recent call last):
  File "/home/aoi/.local/lib/python3.13/site-packages/sqlalchemy/engine/base.py", line 143, in __init__
    self._dbapi_connection = engine.raw_connection()
                             ~~~~~~~~~~~~~~~~~~~~~^^
  File "/home/aoi/.local/lib/python3.13/site-packages/sqlalchemy/engine/base.py", line 3295, in raw_connection
    return self.pool.connect()
           ~~~~~~~~~~~~~~~~~^^
  File "/home/aoi/.local/lib/python3.13/site-packages/sqlalchemy/pool/base.py", line 447, in connect
    return _ConnectionFairy._checkout(self)
           ~~~~~~~~~~~~~~~~~~~~~~~~~~^^^^^^
  File "/home/aoi/.local/lib/python3.13/site-packages/sqlalchemy/pool/base.py", line 1264, in _checkout
    fairy = _ConnectionRecord.checkout(pool)
  File "/home/aoi/.local/lib/python3.13/site-packages/sqlalchemy/pool/base.py", line 711, in checkout
    rec = pool._do_get()
  File "/home/aoi/.local/lib/python3.13/site-packages/sqlalchemy/pool/impl.py", line 177, in _do_get
    with util.safe_reraise():
         ~~~~~~~~~~~~~~~~~^^
  File "/home/aoi/.local/lib/python3.13/site-packages/sqlalchemy/util/langhelpers.py", line 224, in __exit__
    raise exc_value.with_traceback(exc_tb)
  File "/home/aoi/.local/lib/python3.13/site-packages/sqlalchemy/pool/impl.py", line 175, in _do_get
    return self._create_connection()
           ~~~~~~~~~~~~~~~~~~~~~~~^^
  File "/home/aoi/.local/lib/python3.13/site-packages/sqlalchemy/pool/base.py", line 388, in _create_connection
    return _ConnectionRecord(self)
  File "/home/aoi/.local/lib/python3.13/site-packages/sqlalchemy/pool/base.py", line 673, in __init__
    self.__connect()
    ~~~~~~~~~~~~~~^^
  File "/home/aoi/.local/lib/python3.13/site-packages/sqlalchemy/pool/base.py", line 899, in __connect
    with util.safe_reraise():
         ~~~~~~~~~~~~~~~~~^^
  File "/home/aoi/.local/lib/python3.13/site-packages/sqlalchemy/util/langhelpers.py", line 224, in __exit__
    raise exc_value.with_traceback(exc_tb)
  File "/home/aoi/.local/lib/python3.13/site-packages/sqlalchemy/pool/base.py", line 895, in __connect
    self.dbapi_connection = connection = pool._invoke_creator(self)
                                         ~~~~~~~~~~~~~~~~~~~~^^^^^^
  File "/home/aoi/.local/lib/python3.13/site-packages/sqlalchemy/engine/create.py", line 646, in connect
    return dialect.connect(*cargs, **cparams)
           ~~~~~~~~~~~~~~~^^^^^^^^^^^^^^^^^^^
  File "/home/aoi/.local/lib/python3.13/site-packages/sqlalchemy/engine/default.py", line 626, in connect
    return self.loaded_dbapi.connect(*cargs, **cparams)  # type: ignore[no-any-return]  # NOQA: E501
           ~~~~~~~~~~~~~~~~~~~~~~~~~^^^^^^^^^^^^^^^^^^^
  File "/home/aoi/miniconda3/lib/python3.13/site-packages/psycopg2/__init__.py", line 122, in connect
    conn = _connect(dsn, connection_factory=connection_factory, **kwasync)
psycopg2.OperationalError: connection to server at "localhost" (::1), port 5432 failed: Connection refused
	Is the server running on that host and accepting TCP/IP connections?
connection to server at "localhost" (127.0.0.1), port 5432 failed: Connection refused
	Is the server running on that host and accepting TCP/IP connections?


The above exception was the direct cause of the following exception:

Traceback (most recent call last):
  File "/home/aoi/.local/lib/python3.13/site-packages/uvicorn/protocols/http/h11_impl.py", line 403, in run_asgi
    result = await app(  # type: ignore[func-returns-value]
             ^^^^^^^^^^^^^^^^^^^^^^^^^^^^^^^^^^^^^^^^^^^^^^
        self.scope, self.receive, self.send
        ^^^^^^^^^^^^^^^^^^^^^^^^^^^^^^^^^^^
    )
    ^
  File "/home/aoi/.local/lib/python3.13/site-packages/uvicorn/middleware/proxy_headers.py", line 60, in __call__
    return await self.app(scope, receive, send)
           ^^^^^^^^^^^^^^^^^^^^^^^^^^^^^^^^^^^^
  File "/home/aoi/.local/lib/python3.13/site-packages/fastapi/applications.py", line 1054, in __call__
    await super().__call__(scope, receive, send)
  File "/home/aoi/.local/lib/python3.13/site-packages/starlette/applications.py", line 113, in __call__
    await self.middleware_stack(scope, receive, send)
  File "/home/aoi/.local/lib/python3.13/site-packages/starlette/middleware/errors.py", line 186, in __call__
    raise exc
  File "/home/aoi/.local/lib/python3.13/site-packages/starlette/middleware/errors.py", line 164, in __call__
    await self.app(scope, receive, _send)
  File "/mnt/muaaz/VoiceNoteAPI/app/main.py", line 328, in __call__
    await self.app(scope, receive_cached, send)
  File "/home/aoi/.local/lib/python3.13/site-packages/starlette/middleware/base.py", line 182, in __call__
    with recv_stream, send_stream, collapse_excgroups():
                                   ~~~~~~~~~~~~~~~~~~^^
  File "/home/aoi/miniconda3/lib/python3.13/contextlib.py", line 162, in __exit__
    self.gen.throw(value)
    ~~~~~~~~~~~~~~^^^^^^^
  File "/home/aoi/.local/lib/python3.13/site-packages/starlette/_utils.py", line 83, in collapse_excgroups
    raise exc
  File "/home/aoi/.local/lib/python3.13/site-packages/starlette/middleware/base.py", line 184, in __call__
    response = await self.dispatch_func(request, call_next)
               ^^^^^^^^^^^^^^^^^^^^^^^^^^^^^^^^^^^^^^^^^^^^
  File "/mnt/muaaz/VoiceNoteAPI/app/api/middleware/usage.py", line 132, in dispatch
    response = await call_next(request)
               ^^^^^^^^^^^^^^^^^^^^^^^^
  File "/home/aoi/.local/lib/python3.13/site-packages/starlette/middleware/base.py", line 159, in call_next
    raise app_exc
  File "/home/aoi/.local/lib/python3.13/site-packages/starlette/middleware/base.py", line 144, in coro
    await self.app(scope, receive_or_disconnect, send_no_error)
  File "/home/aoi/miniconda3/lib/python3.13/site-packages/prometheus_fastapi_instrumentator/middleware.py", line 177, in __call__
    raise exc
  File "/home/aoi/miniconda3/lib/python3.13/site-packages/prometheus_fastapi_instrumentator/middleware.py", line 175, in __call__
    await self.app(scope, receive, send_wrapper)
  File "/home/aoi/.local/lib/python3.13/site-packages/starlette/middleware/gzip.py", line 29, in __call__
    await responder(scope, receive, send)
  File "/home/aoi/.local/lib/python3.13/site-packages/starlette/middleware/gzip.py", line 46, in __call__
    await self.app(scope, receive, self.send_with_compression)
  File "/home/aoi/.local/lib/python3.13/site-packages/starlette/middleware/exceptions.py", line 63, in __call__
    await wrap_app_handling_exceptions(self.app, conn)(scope, receive, send)
  File "/home/aoi/.local/lib/python3.13/site-packages/starlette/_exception_handler.py", line 53, in wrapped_app
    raise exc
  File "/home/aoi/.local/lib/python3.13/site-packages/starlette/_exception_handler.py", line 42, in wrapped_app
    await app(scope, receive, sender)
  File "/home/aoi/.local/lib/python3.13/site-packages/starlette/routing.py", line 716, in __call__
    await self.middleware_stack(scope, receive, send)
  File "/home/aoi/.local/lib/python3.13/site-packages/starlette/routing.py", line 736, in app
    await route.handle(scope, receive, send)
  File "/home/aoi/.local/lib/python3.13/site-packages/starlette/routing.py", line 290, in handle
    await self.app(scope, receive, send)
  File "/home/aoi/.local/lib/python3.13/site-packages/starlette/routing.py", line 78, in app
    await wrap_app_handling_exceptions(app, request)(scope, receive, send)
  File "/home/aoi/.local/lib/python3.13/site-packages/starlette/_exception_handler.py", line 53, in wrapped_app
    raise exc
  File "/home/aoi/.local/lib/python3.13/site-packages/starlette/_exception_handler.py", line 42, in wrapped_app
    await app(scope, receive, sender)
  File "/home/aoi/.local/lib/python3.13/site-packages/starlette/routing.py", line 75, in app
    response = await f(request)
               ^^^^^^^^^^^^^^^^
  File "/home/aoi/.local/lib/python3.13/site-packages/fastapi/routing.py", line 302, in app
    raw_response = await run_endpoint_function(
                   ^^^^^^^^^^^^^^^^^^^^^^^^^^^^
    ...<3 lines>...
    )
    ^
  File "/home/aoi/.local/lib/python3.13/site-packages/fastapi/routing.py", line 215, in run_endpoint_function
    return await run_in_threadpool(dependant.call, **values)
           ^^^^^^^^^^^^^^^^^^^^^^^^^^^^^^^^^^^^^^^^^^^^^^^^^
  File "/home/aoi/.local/lib/python3.13/site-packages/starlette/concurrency.py", line 38, in run_in_threadpool
    return await anyio.to_thread.run_sync(func)
           ^^^^^^^^^^^^^^^^^^^^^^^^^^^^^^^^^^^^
  File "/home/aoi/miniconda3/lib/python3.13/site-packages/anyio/to_thread.py", line 63, in run_sync
    return await get_async_backend().run_sync_in_worker_thread(
           ^^^^^^^^^^^^^^^^^^^^^^^^^^^^^^^^^^^^^^^^^^^^^^^^^^^^
        func, args, abandon_on_cancel=abandon_on_cancel, limiter=limiter
        ^^^^^^^^^^^^^^^^^^^^^^^^^^^^^^^^^^^^^^^^^^^^^^^^^^^^^^^^^^^^^^^^
    )
    ^
  File "/home/aoi/miniconda3/lib/python3.13/site-packages/anyio/_backends/_asyncio.py", line 2502, in run_sync_in_worker_thread
    return await future
           ^^^^^^^^^^^^
  File "/home/aoi/miniconda3/lib/python3.13/site-packages/anyio/_backends/_asyncio.py", line 986, in run
    result = context.run(func, *args)
  File "/home/aoi/.local/lib/python3.13/site-packages/slowapi/extension.py", line 766, in sync_wrapper
    response = func(*args, **kwargs)
  File "/mnt/muaaz/VoiceNoteAPI/app/api/users.py", line 70, in sync_user
    db_user = db.query(models.User).filter(models.User.email == validated_email).first()
  File "/home/aoi/.local/lib/python3.13/site-packages/sqlalchemy/orm/query.py", line 2759, in first
    return self.limit(1)._iter().first()  # type: ignore
           ~~~~~~~~~~~~~~~~~~~^^
  File "/home/aoi/.local/lib/python3.13/site-packages/sqlalchemy/orm/query.py", line 2857, in _iter
    result: Union[ScalarResult[_T], Result[_T]] = self.session.execute(
                                                  ~~~~~~~~~~~~~~~~~~~~^
        statement,
        ^^^^^^^^^^
        params,
        ^^^^^^^
        execution_options={"_sa_orm_load_options": self.load_options},
        ^^^^^^^^^^^^^^^^^^^^^^^^^^^^^^^^^^^^^^^^^^^^^^^^^^^^^^^^^^^^^^
    )
    ^
  File "/home/aoi/.local/lib/python3.13/site-packages/sqlalchemy/orm/session.py", line 2365, in execute
    return self._execute_internal(
           ~~~~~~~~~~~~~~~~~~~~~~^
        statement,
        ^^^^^^^^^^
    ...<4 lines>...
        _add_event=_add_event,
        ^^^^^^^^^^^^^^^^^^^^^^
    )
    ^
  File "/home/aoi/.local/lib/python3.13/site-packages/sqlalchemy/orm/session.py", line 2241, in _execute_internal
    conn = self._connection_for_bind(bind)
  File "/home/aoi/.local/lib/python3.13/site-packages/sqlalchemy/orm/session.py", line 2110, in _connection_for_bind
    return trans._connection_for_bind(engine, execution_options)
           ~~~~~~~~~~~~~~~~~~~~~~~~~~^^^^^^^^^^^^^^^^^^^^^^^^^^^
  File "<string>", line 2, in _connection_for_bind
  File "/home/aoi/.local/lib/python3.13/site-packages/sqlalchemy/orm/state_changes.py", line 137, in _go
    ret_value = fn(self, *arg, **kw)
  File "/home/aoi/.local/lib/python3.13/site-packages/sqlalchemy/orm/session.py", line 1189, in _connection_for_bind
    conn = bind.connect()
  File "/home/aoi/.local/lib/python3.13/site-packages/sqlalchemy/engine/base.py", line 3271, in connect
    return self._connection_cls(self)
           ~~~~~~~~~~~~~~~~~~~~^^^^^^
  File "/home/aoi/.local/lib/python3.13/site-packages/sqlalchemy/engine/base.py", line 145, in __init__
    Connection._handle_dbapi_exception_noconnection(
    ~~~~~~~~~~~~~~~~~~~~~~~~~~~~~~~~~~~~~~~~~~~~~~~^
        err, dialect, engine
        ^^^^^^^^^^^^^^^^^^^^
    )
    ^
  File "/home/aoi/.local/lib/python3.13/site-packages/sqlalchemy/engine/base.py", line 2434, in _handle_dbapi_exception_noconnection
    raise sqlalchemy_exception.with_traceback(exc_info[2]) from e
  File "/home/aoi/.local/lib/python3.13/site-packages/sqlalchemy/engine/base.py", line 143, in __init__
    self._dbapi_connection = engine.raw_connection()
                             ~~~~~~~~~~~~~~~~~~~~~^^
  File "/home/aoi/.local/lib/python3.13/site-packages/sqlalchemy/engine/base.py", line 3295, in raw_connection
    return self.pool.connect()
           ~~~~~~~~~~~~~~~~~^^
  File "/home/aoi/.local/lib/python3.13/site-packages/sqlalchemy/pool/base.py", line 447, in connect
    return _ConnectionFairy._checkout(self)
           ~~~~~~~~~~~~~~~~~~~~~~~~~~^^^^^^
  File "/home/aoi/.local/lib/python3.13/site-packages/sqlalchemy/pool/base.py", line 1264, in _checkout
    fairy = _ConnectionRecord.checkout(pool)
  File "/home/aoi/.local/lib/python3.13/site-packages/sqlalchemy/pool/base.py", line 711, in checkout
    rec = pool._do_get()
  File "/home/aoi/.local/lib/python3.13/site-packages/sqlalchemy/pool/impl.py", line 177, in _do_get
    with util.safe_reraise():
         ~~~~~~~~~~~~~~~~~^^
  File "/home/aoi/.local/lib/python3.13/site-packages/sqlalchemy/util/langhelpers.py", line 224, in __exit__
    raise exc_value.with_traceback(exc_tb)
  File "/home/aoi/.local/lib/python3.13/site-packages/sqlalchemy/pool/impl.py", line 175, in _do_get
    return self._create_connection()
           ~~~~~~~~~~~~~~~~~~~~~~~^^
  File "/home/aoi/.local/lib/python3.13/site-packages/sqlalchemy/pool/base.py", line 388, in _create_connection
    return _ConnectionRecord(self)
  File "/home/aoi/.local/lib/python3.13/site-packages/sqlalchemy/pool/base.py", line 673, in __init__
    self.__connect()
    ~~~~~~~~~~~~~~^^
  File "/home/aoi/.local/lib/python3.13/site-packages/sqlalchemy/pool/base.py", line 899, in __connect
    with util.safe_reraise():
         ~~~~~~~~~~~~~~~~~^^
  File "/home/aoi/.local/lib/python3.13/site-packages/sqlalchemy/util/langhelpers.py", line 224, in __exit__
    raise exc_value.with_traceback(exc_tb)
  File "/home/aoi/.local/lib/python3.13/site-packages/sqlalchemy/pool/base.py", line 895, in __connect
    self.dbapi_connection = connection = pool._invoke_creator(self)
                                         ~~~~~~~~~~~~~~~~~~~~^^^^^^
  File "/home/aoi/.local/lib/python3.13/site-packages/sqlalchemy/engine/create.py", line 646, in connect
    return dialect.connect(*cargs, **cparams)
           ~~~~~~~~~~~~~~~^^^^^^^^^^^^^^^^^^^
  File "/home/aoi/.local/lib/python3.13/site-packages/sqlalchemy/engine/default.py", line 626, in connect
    return self.loaded_dbapi.connect(*cargs, **cparams)  # type: ignore[no-any-return]  # NOQA: E501
           ~~~~~~~~~~~~~~~~~~~~~~~~~^^^^^^^^^^^^^^^^^^^
  File "/home/aoi/miniconda3/lib/python3.13/site-packages/psycopg2/__init__.py", line 122, in connect
    conn = _connect(dsn, connection_factory=connection_factory, **kwasync)
sqlalchemy.exc.OperationalError: (psycopg2.OperationalError) connection to server at "localhost" (::1), port 5432 failed: Connection refused
	Is the server running on that host and accepting TCP/IP connections?
connection to server at "localhost" (127.0.0.1), port 5432 failed: Connection refused
	Is the server running on that host and accepting TCP/IP connections?

(Background on this error at: https://sqlalche.me/e/20/e3q8)
{"timestamp": "2026-02-07T16:54:33.122964+00:00", "level": "INFO", "logger": "VoiceNote", "message": "Application shutting down...", "filename": "main.py", "funcName": "lifespan", "lineno": 67, "pathname": "/mnt/muaaz/VoiceNoteAPI/app/main.py"}
